<?xml version="1.0" encoding="UTF-8" ?>
<testsuite errors="0" failures="0" hostname="DESKTOP-07BR2C5" name="egovframework.guide.helloworld.HelloWorldServiceTest" skipped="0" tests="1" time="0.366" timestamp="2017-02-13T08:32:05">
  <properties>
[...]
</properties>
  <testcase classname="egovframework.guide.helloworld.HelloWorldServiceTest" name="testSayHello" time="0.317" />
  <system-out><![CDATA[log4j:INFO Using URL [file:/C:/_SoftFactory/Java/WorkSpaces/VitzroWebSpace/egovframework.guide/target/classes/log4j.xml] for automatic log4j configuration of repository named [default].
]]></system-out>
  <system-err><![CDATA[]]></system-err>
</testsuite>
